start

1800
writing cache...
1800
1800 continuous entries, 326event-based entries of type 0
write 0 ms
parse + write took0
writing cache...
1800
read 0 ms
3600 continuous entries, 668event-based entries of type 0
write 0 ms
parse + write took0
writing cache...
1800
read 0 ms
5400 continuous entries, 1019event-based entries of type 0
write 0 ms
parse + write took0
writing cache...
618
NEW DAY SOON !!!!!!!!!!!!!!  1759355382000160829
read 0 ms
7200 continuous entries, 1334event-based entries of type 0
write 0 ms
parse + write took0
writing cache...
1800
read 0 ms
7818 continuous entries, 1444event-based entries of type 0
write 0 ms
parse + write took0
writing cache...
1800
1800 continuous entries, 328event-based entries of type 0
write 0 ms
parse + write took0
writing cache...
1800
read 0 ms
3600 continuous entries, 656event-based entries of type 0
write 0 ms
parse + write took0
writing cache...
1800
read 0 ms
5400 continuous entries, 997event-based entries of type 0
write 0 ms
parse + write took0
writing cache...
1800
read 0 ms
7200 continuous entries, 1325event-based entries of type 0
write 0 ms
parse + write took0
writing cache...
1800
read 0 ms
9000 continuous entries, 1655event-based entries of type 0
write 0 ms
parse + write took0
writing cache...
1800
read 0 ms
10800 continuous entries, 1989event-based entries of type 0
write 0 ms
parse + write took0
writing cache...
1800
read 0 ms
12600 continuous entries, 2324event-based entries of type 0
write 0 ms
parse + write took1
writing cache...
1800
read 0 ms
14400 continuous entries, 2664event-based entries of type 0
write 0 ms
parse + write took1
writing cache...
1800
read 0 ms
16200 continuous entries, 2985event-based entries of type 0
write 0 ms
parse + write took1
writing cache...
1800
read 0 ms
18000 continuous entries, 3312event-based entries of type 0
write 0 ms
parse + write took1
writing cache...
1800
read 0 ms
19800 continuous entries, 3631event-based entries of type 0
write 0 ms
parse + write took1
writing cache...
1800
read 0 ms
21600 continuous entries, 3964event-based entries of type 0
write 0 ms
parse + write took2
writing cache...
1800
read 0 ms
23400 continuous entries, 4293event-based entries of type 0
write 0 ms
parse + write took1
writing cache...
1800
read 0 ms
25200 continuous entries, 4616event-based entries of type 0
write 0 ms
parse + write took8
writing cache...
1800
read 0 ms
27000 continuous entries, 4937event-based entries of type 0
write 0 ms
parse + write took1
writing cache...
1800
read 0 ms
28800 continuous entries, 5273event-based entries of type 0
write 0 ms
parse + write took1
writing cache...
1800
read 0 ms
30600 continuous entries, 5585event-based entries of type 0
write 0 ms
parse + write took1
writing cache...
1800
read 0 ms
32400 continuous entries, 5931event-based entries of type 0
write 0 ms
parse + write took2
writing cache...
1800
read 0 ms
34200 continuous entries, 6250event-based entries of type 0
write 0 ms
parse + write took2
writing cache...
1800
read 0 ms
36000 continuous entries, 6571event-based entries of type 0
write 0 ms
parse + write took2
writing cache...
1800
read 0 ms
37800 continuous entries, 6896event-based entries of type 0
write 0 ms
parse + write took2
writing cache...
1800
read 0 ms
39600 continuous entries, 7216event-based entries of type 0
write 0 ms
parse + write took2
writing cache...
1800
read 0 ms
41400 continuous entries, 7528event-based entries of type 0
write 0 ms
parse + write took2
writing cache...
1800
read 1 ms
43200 continuous entries, 7855event-based entries of type 0
write 0 ms
parse + write took11
writing cache...
1800
read 0 ms
45000 continuous entries, 8192event-based entries of type 0
write 0 ms
parse + write took2
writing cache...
1800
read 0 ms
46800 continuous entries, 8529event-based entries of type 0
write 0 ms
parse + write took24
writing cache...
1800
read 0 ms
48600 continuous entries, 8873event-based entries of type 0
write 0 ms
parse + write took2
writing cache...
1800
read 0 ms
50400 continuous entries, 9197event-based entries of type 0
write 0 ms
parse + write took2
writing cache...
1800
read 0 ms
52200 continuous entries, 9526event-based entries of type 0
write 0 ms
parse + write took3
writing cache...
1800
read 0 ms
54000 continuous entries, 9848event-based entries of type 0
write 0 ms
parse + write took3
writing cache...
1800
read 0 ms
55800 continuous entries, 10184event-based entries of type 0
write 0 ms
parse + write took3
writing cache...
1800
read 0 ms
57600 continuous entries, 10513event-based entries of type 0
write 0 ms
parse + write took3
writing cache...
1800
read 0 ms
59400 continuous entries, 10837event-based entries of type 0
write 1 ms
parse + write took3
writing cache...
1800
read 1 ms
61200 continuous entries, 11163event-based entries of type 0
write 0 ms
parse + write took3
writing cache...
1800
read 1 ms
63000 continuous entries, 11490event-based entries of type 0
write 0 ms
parse + write took3
writing cache...
1800
read 0 ms
64800 continuous entries, 11803event-based entries of type 0
write 0 ms
parse + write took3
writing cache...
1800
read 0 ms
66600 continuous entries, 12123event-based entries of type 0
write 0 ms
parse + write took3
writing cache...
1800
read 1 ms
68400 continuous entries, 12445event-based entries of type 0
write 0 ms
parse + write took3
writing cache...
1800
read 1 ms
70200 continuous entries, 12768event-based entries of type 0
write 0 ms
parse + write took4
writing cache...
1800
read 1 ms
72000 continuous entries, 13110event-based entries of type 0
write 0 ms
parse + write took4
writing cache...
1800
read 1 ms
73800 continuous entries, 13450event-based entries of type 0
write 0 ms
parse + write took4
writing cache...
1800
read 1 ms
75600 continuous entries, 13782event-based entries of type 0
write 0 ms
parse + write took4
writing cache...
1800
read 1 ms
77400 continuous entries, 14095event-based entries of type 0
write 0 ms
parse + write took4
writing cache...
1800
read 1 ms
79200 continuous entries, 14411event-based entries of type 0
write 0 ms
parse + write took4
writing cache...
1800
read 1 ms
81000 continuous entries, 14754event-based entries of type 0
write 0 ms
parse + write took4
writing cache...
1800
read 1 ms
82800 continuous entries, 15085event-based entries of type 0
write 0 ms
parse + write took4
writing cache...
1800
read 0 ms
84600 continuous entries, 15404event-based entries of type 0
write 0 ms
parse + write took5
writing cache...
1800
read 1 ms
86400 continuous entries, 15729event-based entries of type 0
write 0 ms
parse + write took4
writing cache...
1800
1800 continuous entries, 326event-based entries of type 0
write 0 ms
parse + write took0
writing cache...
1800
read 0 ms
3600 continuous entries, 657event-based entries of type 0
write 0 ms
parse + write took0
writing cache...
1800
read 0 ms
5400 continuous entries, 995event-based entries of type 0
write 0 ms
parse + write took1
writing cache...
1800
read 0 ms
7200 continuous entries, 1310event-based entries of type 0
write 0 ms
parse + write took0
writing cache...
1800
read 0 ms
9000 continuous entries, 1625event-based entries of type 0
write 0 ms
parse + write took3
writing cache...
1800
read 0 ms
10800 continuous entries, 1947event-based entries of type 0
write 0 ms
parse + write took0
writing cache...
1800
read 0 ms
12600 continuous entries, 2272event-based entries of type 0
write 0 ms
parse + write took0
writing cache...
1800
read 0 ms
14400 continuous entries, 2585event-based entries of type 0
write 0 ms
parse + write took1
writing cache...
1800
read 0 ms
16200 continuous entries, 2919event-based entries of type 0
write 0 ms
parse + write took3
writing cache...
1800
read 0 ms
18000 continuous entries, 3253event-based entries of type 0
write 0 ms
parse + write took1
writing cache...
1800
1800
read 0 ms
19800 continuous entries, 3573event-based entries of type 0
write 0 ms
parse + write took4
writing cache...
1800
read 0 ms
21600 continuous entries, 3900event-based entries of type 0
write 0 ms
parse + write took1
writing cache...
1800
read 0 ms
23400 continuous entries, 4216event-based entries of type 0
write 0 ms
parse + write took1
writing cache...
1800
read 0 ms
25200 continuous entries, 4546event-based entries of type 0
write 0 ms
parse + write took1
writing cache...
1800
read 0 ms
27000 continuous entries, 4868event-based entries of type 0
write 0 ms
parse + write took1
writing cache...
1800
read 0 ms
28800 continuous entries, 5206event-based entries of type 0
write 0 ms
parse + write took1
writing cache...
1800
read 0 ms
30600 continuous entries, 5534event-based entries of type 0
write 0 ms
parse + write took2
writing cache...
1800
read 0 ms
32400 continuous entries, 5873event-based entries of type 0
write 0 ms
parse + write took1
writing cache...
1800
read 0 ms
34200 continuous entries, 6208event-based entries of type 0
write 0 ms
parse + write took2
writing cache...
1800
read 0 ms
36000 continuous entries, 6531event-based entries of type 0
write 0 ms
parse + write took2
writing cache...
1800
read 0 ms
37800 continuous entries, 6848event-based entries of type 0
write 0 ms
parse + write took2
writing cache...
1800
read 0 ms
39600 continuous entries, 7175event-based entries of type 0
write 1 ms
parse + write took2
writing cache...
1800
read 0 ms
41400 continuous entries, 7511event-based entries of type 0
write 0 ms
parse + write took2
writing cache...
1800
read 0 ms
43200 continuous entries, 7846event-based entries of type 0
write 0 ms
parse + write took2
writing cache...
1800
read 0 ms
45000 continuous entries, 8176event-based entries of type 0
write 0 ms
parse + write took2
writing cache...
1800
read 0 ms
46800 continuous entries, 8483event-based entries of type 0
write 0 ms
parse + write took2
writing cache...
1800
read 0 ms
48600 continuous entries, 8808event-based entries of type 0
write 0 ms
parse + write took2
writing cache...
1800
read 0 ms
50400 continuous entries, 9132event-based entries of type 0
write 0 ms
parse + write took2
writing cache...
1800
read 0 ms
52200 continuous entries, 9446event-based entries of type 0
write 0 ms
parse + write took2
writing cache...
1800
read 0 ms
54000 continuous entries, 9778event-based entries of type 0
write 0 ms
parse + write took3
writing cache...
1800
read 0 ms
55800 continuous entries, 10112event-based entries of type 0
write 0 ms
parse + write took3
writing cache...
1800
read 0 ms
57600 continuous entries, 10429event-based entries of type 0
write 1 ms
parse + write took3
writing cache...
1800
read 0 ms
59400 continuous entries, 10764event-based entries of type 0
write 0 ms
parse + write took3
writing cache...
1800
read 0 ms
61200 continuous entries, 11088event-based entries of type 0
write 0 ms
parse + write took3
writing cache...
1800
read 0 ms
63000 continuous entries, 11421event-based entries of type 0
write 0 ms
parse + write took3
writing cache...
1800
read 1 ms
64800 continuous entries, 11734event-based entries of type 0
write 0 ms
parse + write took4
writing cache...
1800
read 1 ms
66600 continuous entries, 12060event-based entries of type 0
write 0 ms
parse + write took3
writing cache...
1800
read 0 ms
68400 continuous entries, 12381event-based entries of type 0
write 0 ms
parse + write took4
writing cache...
1800
read 1 ms
70200 continuous entries, 12696event-based entries of type 0
write 0 ms
parse + write took4
writing cache...
1800
read 0 ms
72000 continuous entries, 13024event-based entries of type 0
write 0 ms
parse + write took3
writing cache...
1800
read 1 ms
73800 continuous entries, 13358event-based entries of type 0
write 0 ms
parse + write took4
writing cache...
1800
read 1 ms
75600 continuous entries, 13683event-based entries of type 0
write 0 ms
parse + write took4
writing cache...
1800
read 1 ms
77400 continuous entries, 14010event-based entries of type 0
write 0 ms
parse + write took4
writing cache...
1800
read 1 ms
79200 continuous entries, 14340event-based entries of type 0
write 0 ms
parse + write took4
writing cache...
1800
read 1 ms
81000 continuous entries, 14684event-based entries of type 0
write 0 ms
parse + write took4
writing cache...
1800
read 1 ms
82800 continuous entries, 15010event-based entries of type 0
write 0 ms
parse + write took4
writing cache...
1800
read 1 ms
84600 continuous entries, 15350event-based entries of type 0
write 0 ms
parse + write took4
writing cache...
1800
read 1 ms
86400 continuous entries, 15694event-based entries of type 0
write 0 ms
parse + write took5
writing cache...
1800
1800 continuous entries, 326event-based entries of type 0
write 0 ms
parse + write took0
writing cache...
1800
read 0 ms
3600 continuous entries, 669event-based entries of type 0
write 0 ms
parse + write took2
writing cache...
1800
read 0 ms
5400 continuous entries, 998event-based entries of type 0
write 0 ms
parse + write took0
writing cache...
1800
read 0 ms
7200 continuous entries, 1334event-based entries of type 0
write 0 ms
parse + write took0
writing cache...
1800
read 0 ms
9000 continuous entries, 1679event-based entries of type 0
write 0 ms
parse + write took0
writing cache...
1800
read 0 ms
10800 continuous entries, 2010event-based entries of type 0
write 0 ms
parse + write took0
writing cache...
1800
read 0 ms
12600 continuous entries, 2350event-based entries of type 0
write 0 ms
parse + write took0
writing cache...
1800
read 0 ms
14400 continuous entries, 2665event-based entries of type 0
write 0 ms
parse + write took1
writing cache...
1800
read 0 ms
16200 continuous entries, 2990event-based entries of type 0
write 0 ms
parse + write took1
writing cache...
1800
read 0 ms
18000 continuous entries, 3321event-based entries of type 0
write 0 ms
parse + write took1
writing cache...
1800
read 0 ms
19800 continuous entries, 3651event-based entries of type 0
write 0 ms
parse + write took1
writing cache...
1800
read 0 ms
21600 continuous entries, 3975event-based entries of type 0
write 0 ms
parse + write took1
writing cache...
1800
read 0 ms
23400 continuous entries, 4298event-based entries of type 0
write 0 ms
parse + write took1
writing cache...
1800
read 0 ms
25200 continuous entries, 4642event-based entries of type 0
write 0 ms
parse + write took1
writing cache...
1800
read 0 ms
27000 continuous entries, 4976event-based entries of type 0
write 0 ms
parse + write took1
writing cache...
1800
read 0 ms
28800 continuous entries, 5292event-based entries of type 0
write 0 ms
parse + write took1
writing cache...
1800
read 0 ms
30600 continuous entries, 5621event-based entries of type 0
write 0 ms
parse + write took2
writing cache...
1800
read 0 ms
32400 continuous entries, 5951event-based entries of type 0
write 0 ms
parse + write took2
writing cache...
1800
read 0 ms
34200 continuous entries, 6261event-based entries of type 0
write 0 ms
parse + write took2
writing cache...
1800
read 0 ms
36000 continuous entries, 6576event-based entries of type 0
write 0 ms
parse + write took2
writing cache...
1800
read 0 ms
37800 continuous entries, 6895event-based entries of type 0
write 0 ms
parse + write took2
writing cache...
1800
read 0 ms
39600 continuous entries, 7221event-based entries of type 0
write 0 ms
parse + write took2
writing cache...
1800
read 0 ms
41400 continuous entries, 7549event-based entries of type 0
write 0 ms
parse + write took5
writing cache...
1800
read 0 ms
43200 continuous entries, 7882event-based entries of type 0
write 0 ms
parse + write took2
writing cache...
1800
read 0 ms
45000 continuous entries, 8210event-based entries of type 0
write 0 ms
parse + write took2
